<?xml version="1.0" encoding="UTF-8"?>
<testng-results skipped="0" failed="0" ignored="0" total="1" passed="1">
  <reporter-output>
  </reporter-output>
  <suite name="Suite" duration-ms="67763" started-at="2018-10-30T00:45:37Z" finished-at="2018-10-30T00:46:45Z">
    <groups>
    </groups>
    <test name="Test1" duration-ms="67763" started-at="2018-10-30T00:45:37Z" finished-at="2018-10-30T00:46:45Z">
      <class name="testScriptDefinitions.TestSet1.TC101CreateNewContact">
        <test-method status="PASS" signature="TC101_CreateNewContact(java.lang.String)[pri:0, instance:testScriptDefinitions.TestSet1.TC101CreateNewContact@60015ef5]" name="TC101_CreateNewContact" duration-ms="67656" started-at="2018-10-29T20:45:37Z" finished-at="2018-10-29T20:46:45Z">
          <params>
            <param index="0">
              <value>
                <![CDATA[chrome]]>
              </value>
            </param>
          </params>
          <reporter-output>
          </reporter-output>
        </test-method> <!-- TC101_CreateNewContact -->
      </class> <!-- testScriptDefinitions.TestSet1.TC101CreateNewContact -->
    </test> <!-- Test1 -->
  </suite> <!-- Suite -->
</testng-results>
